<?xml version="1.0" encoding="UTF-8"?>
<!-- Generated by org.testng.reporters.JUnitReportReporter -->
<testsuite skipped="1" hostname="DESKTOP-MVUB78F" name="com.actions.HomePageActions" tests="2" failures="0" timestamp="08 Oct 2020 03:49:10 GMT" time="1.459" errors="1">
  <testcase name="executeHomePage" time="0.000" classname="com.actions.HomePageActions">
    <skipped/>
  </testcase> <!-- executeHomePage -->
  <testcase name="SetUp" time="1.459" classname="com.actions.HomePageActions">
    <error type="org.openqa.selenium.SessionNotCreatedException" message="session not created: This version of ChromeDriver only supports Chrome version 83
Build info: version: &#039;3.14.0&#039;, revision: &#039;aacccce0&#039;, time: &#039;2018-08-02T20:19:58.91Z&#039;
System info: host: &#039;DESKTOP-MVUB78F&#039;, ip: &#039;192.168.225.180&#039;, os.name: &#039;Windows 10&#039;, os.arch: &#039;amd64&#039;, os.version: &#039;10.0&#039;, java.version: &#039;1.8.0_251&#039;
Driver info: driver.version: ChromeDriver
remote stacktrace: Backtrace:
	Ordinal0 [0x01059563+2725219]
	Ordinal0 [0x00F58551+1672529]
	Ordinal0 [0x00E40359+525145]
	Ordinal0 [0x00DD0B77+68471]
	Ordinal0 [0x00DCD32C+54060]
	Ordinal0 [0x00DECC37+183351]
	Ordinal0 [0x00DECA3D+182845]
	Ordinal0 [0x00DEA94B+174411]
	Ordinal0 [0x00DD2528+75048]
	Ordinal0 [0x00DD35A0+79264]
	Ordinal0 [0x00DD3539+79161]
	Ordinal0 [0x00F6D607+1758727]
	GetHandleVerifier [0x01176546+1050150]
	GetHandleVerifier [0x01176291+1049457]
	GetHandleVerifier [0x011810D7+1094071]
	GetHandleVerifier [0x01176B46+1051686]
	Ordinal0 [0x00F65B06+1727238]
	Ordinal0 [0x00F6EB7B+1764219]
	Ordinal0 [0x00F6ECE3+1764579]
	Ordinal0 [0x00F84C05+1854469]
	BaseThreadInitThunk [0x75EB6359+25]
	RtlGetAppContainerNamedObjectPath [0x771E7C24+228]
	RtlGetAppContainerNamedObjectPath [0x771E7BF4+180]
">
      <![CDATA[org.openqa.selenium.SessionNotCreatedException: session not created: This version of ChromeDriver only supports Chrome version 83
Build info: version: '3.14.0', revision: 'aacccce0', time: '2018-08-02T20:19:58.91Z'
System info: host: 'DESKTOP-MVUB78F', ip: '192.168.225.180', os.name: 'Windows 10', os.arch: 'amd64', os.version: '10.0', java.version: '1.8.0_251'
Driver info: driver.version: ChromeDriver
remote stacktrace: Backtrace:
Ordinal0 [0x01059563+2725219]
Ordinal0 [0x00F58551+1672529]
Ordinal0 [0x00E40359+525145]
Ordinal0 [0x00DD0B77+68471]
Ordinal0 [0x00DCD32C+54060]
Ordinal0 [0x00DECC37+183351]
Ordinal0 [0x00DECA3D+182845]
Ordinal0 [0x00DEA94B+174411]
Ordinal0 [0x00DD2528+75048]
Ordinal0 [0x00DD35A0+79264]
Ordinal0 [0x00DD3539+79161]
Ordinal0 [0x00F6D607+1758727]
GetHandleVerifier [0x01176546+1050150]
GetHandleVerifier [0x01176291+1049457]
GetHandleVerifier [0x011810D7+1094071]
GetHandleVerifier [0x01176B46+1051686]
Ordinal0 [0x00F65B06+1727238]
Ordinal0 [0x00F6EB7B+1764219]
Ordinal0 [0x00F6ECE3+1764579]
Ordinal0 [0x00F84C05+1854469]
BaseThreadInitThunk [0x75EB6359+25]
RtlGetAppContainerNamedObjectPath [0x771E7C24+228]
RtlGetAppContainerNamedObjectPath [0x771E7BF4+180]

at sun.reflect.NativeConstructorAccessorImpl.newInstance0(Native Method)
at sun.reflect.NativeConstructorAccessorImpl.newInstance(NativeConstructorAccessorImpl.java:62)
at sun.reflect.DelegatingConstructorAccessorImpl.newInstance(DelegatingConstructorAccessorImpl.java:45)
at java.lang.reflect.Constructor.newInstance(Constructor.java:423)
at org.openqa.selenium.remote.W3CHandshakeResponse.lambda$new$0(W3CHandshakeResponse.java:57)
at org.openqa.selenium.remote.W3CHandshakeResponse.lambda$getResponseFunction$2(W3CHandshakeResponse.java:104)
at org.openqa.selenium.remote.ProtocolHandshake.lambda$createSession$0(ProtocolHandshake.java:122)
at java.util.stream.ReferencePipeline$3$1.accept(ReferencePipeline.java:193)
at java.util.Spliterators$ArraySpliterator.tryAdvance(Spliterators.java:958)
at java.util.stream.ReferencePipeline.forEachWithCancel(ReferencePipeline.java:126)
at java.util.stream.AbstractPipeline.copyIntoWithCancel(AbstractPipeline.java:499)
at java.util.stream.AbstractPipeline.copyInto(AbstractPipeline.java:486)
at java.util.stream.AbstractPipeline.wrapAndCopyInto(AbstractPipeline.java:472)
at java.util.stream.FindOps$FindOp.evaluateSequential(FindOps.java:152)
at java.util.stream.AbstractPipeline.evaluate(AbstractPipeline.java:234)
at java.util.stream.ReferencePipeline.findFirst(ReferencePipeline.java:464)
at org.openqa.selenium.remote.ProtocolHandshake.createSession(ProtocolHandshake.java:125)
at org.openqa.selenium.remote.ProtocolHandshake.createSession(ProtocolHandshake.java:73)
at org.openqa.selenium.remote.HttpCommandExecutor.execute(HttpCommandExecutor.java:136)
at org.openqa.selenium.remote.service.DriverCommandExecutor.execute(DriverCommandExecutor.java:83)
at org.openqa.selenium.remote.RemoteWebDriver.execute(RemoteWebDriver.java:548)
at org.openqa.selenium.remote.RemoteWebDriver.startSession(RemoteWebDriver.java:212)
at org.openqa.selenium.remote.RemoteWebDriver.<init>(RemoteWebDriver.java:130)
at org.openqa.selenium.chrome.ChromeDriver.<init>(ChromeDriver.java:181)
at org.openqa.selenium.chrome.ChromeDriver.<init>(ChromeDriver.java:168)
at org.openqa.selenium.chrome.ChromeDriver.<init>(ChromeDriver.java:123)
at com.actions.HomePageActions.SetUp(HomePageActions.java:23)
at sun.reflect.NativeMethodAccessorImpl.invoke0(Native Method)
at sun.reflect.NativeMethodAccessorImpl.invoke(NativeMethodAccessorImpl.java:62)
at sun.reflect.DelegatingMethodAccessorImpl.invoke(DelegatingMethodAccessorImpl.java:43)
at java.lang.reflect.Method.invoke(Method.java:498)
at org.testng.internal.MethodInvocationHelper.invokeMethod(MethodInvocationHelper.java:124)
at org.testng.internal.MethodInvocationHelper.invokeMethodConsideringTimeout(MethodInvocationHelper.java:59)
at org.testng.internal.Invoker.invokeConfigurationMethod(Invoker.java:458)
at org.testng.internal.Invoker.invokeConfigurations(Invoker.java:222)
at org.testng.internal.Invoker.invokeConfigurations(Invoker.java:142)
at org.testng.internal.TestMethodWorker.invokeBeforeClassMethods(TestMethodWorker.java:168)
at org.testng.internal.TestMethodWorker.run(TestMethodWorker.java:105)
at org.testng.TestRunner.privateRun(TestRunner.java:648)
at org.testng.TestRunner.run(TestRunner.java:505)
at org.testng.SuiteRunner.runTest(SuiteRunner.java:455)
at org.testng.SuiteRunner.runSequentially(SuiteRunner.java:450)
at org.testng.SuiteRunner.privateRun(SuiteRunner.java:415)
at org.testng.SuiteRunner.run(SuiteRunner.java:364)
at org.testng.SuiteRunnerWorker.runSuite(SuiteRunnerWorker.java:52)
at org.testng.SuiteRunnerWorker.run(SuiteRunnerWorker.java:84)
at org.testng.TestNG.runSuitesSequentially(TestNG.java:1208)
at org.testng.TestNG.runSuitesLocally(TestNG.java:1137)
at org.testng.TestNG.runSuites(TestNG.java:1049)
at org.testng.TestNG.run(TestNG.java:1017)
at org.testng.remote.AbstractRemoteTestNG.run(AbstractRemoteTestNG.java:115)
at org.testng.remote.RemoteTestNG.initAndRun(RemoteTestNG.java:251)
at org.testng.remote.RemoteTestNG.main(RemoteTestNG.java:77)
]]>
    </error>
  </testcase> <!-- SetUp -->
</testsuite> <!-- com.actions.HomePageActions -->
